INFO  time: initialize in 2.82s
WARN  no build tool detected in workspace 'C:\wamp\www\tano2'. The most common cause for this problem is that the editor was opened in the wrong working directory, for example if you use sbt then the workspace directory should contain build.sbt. 
INFO  time: initialize in 0.87s
WARN  no build tool detected in workspace 'C:\wamp\www\tano2'. The most common cause for this problem is that the editor was opened in the wrong working directory, for example if you use sbt then the workspace directory should contain build.sbt. 
INFO  shutting down Metals
INFO  time: initialize in 0.78s
WARN  no build tool detected in workspace 'C:\wamp\www\tano2'. The most common cause for this problem is that the editor was opened in the wrong working directory, for example if you use sbt then the workspace directory should contain build.sbt. 
INFO  shutting down Metals
INFO  time: initialize in 0.8s
WARN  no build tool detected in workspace 'C:\wamp\www\tano2'. The most common cause for this problem is that the editor was opened in the wrong working directory, for example if you use sbt then the workspace directory should contain build.sbt. 
oct 09, 2019 11:22:50 PM org.eclipse.lsp4j.jsonrpc.services.GenericEndpoint notify
INFORMACIÓN: Unsupported notification method: $/setTraceNotification
oct 09, 2019 11:25:32 PM org.eclipse.lsp4j.jsonrpc.services.GenericEndpoint notify
INFORMACIÓN: Unsupported notification method: $/setTraceNotification
oct 09, 2019 11:27:29 PM org.eclipse.lsp4j.jsonrpc.services.GenericEndpoint notify
INFORMACIÓN: Unsupported notification method: $/setTraceNotification
INFO  shutting down Metals
INFO  time: initialize in 0.88s
WARN  no build tool detected in workspace 'C:\wamp\www\tano2'. The most common cause for this problem is that the editor was opened in the wrong working directory, for example if you use sbt then the workspace directory should contain build.sbt. 
INFO  time: initialize in 2.85s
WARN  no build tool detected in workspace 'C:\wamp\www\tano2'. The most common cause for this problem is that the editor was opened in the wrong working directory, for example if you use sbt then the workspace directory should contain build.sbt. 
INFO  shutting down Metals
INFO  time: initialize in 0.74s
WARN  no build tool detected in workspace 'C:\wamp\www\tano2'. The most common cause for this problem is that the editor was opened in the wrong working directory, for example if you use sbt then the workspace directory should contain build.sbt. 
INFO  shutting down Metals
INFO  time: initialize in 0.75s
WARN  no build tool detected in workspace 'C:\wamp\www\tano2'. The most common cause for this problem is that the editor was opened in the wrong working directory, for example if you use sbt then the workspace directory should contain build.sbt. 
INFO  time: initialize in 3.01s
WARN  no build tool detected in workspace 'C:\wamp\www\tano2'. The most common cause for this problem is that the editor was opened in the wrong working directory, for example if you use sbt then the workspace directory should contain build.sbt. 
INFO  shutting down Metals
INFO  time: initialize in 3.58s
WARN  no build tool detected in workspace 'C:\wamp\www\tano2'. The most common cause for this problem is that the editor was opened in the wrong working directory, for example if you use sbt then the workspace directory should contain build.sbt. 
INFO  shutting down Metals
INFO  time: initialize in 0.77s
WARN  no build tool detected in workspace 'C:\wamp\www\tano2'. The most common cause for this problem is that the editor was opened in the wrong working directory, for example if you use sbt then the workspace directory should contain build.sbt. 
oct 11, 2019 9:25:29 PM org.eclipse.lsp4j.jsonrpc.services.GenericEndpoint notify
INFORMACIÓN: Unsupported notification method: $/setTraceNotification
oct 11, 2019 9:25:31 PM org.eclipse.lsp4j.jsonrpc.services.GenericEndpoint notify
INFORMACIÓN: Unsupported notification method: $/setTraceNotification
oct 11, 2019 9:25:31 PM org.eclipse.lsp4j.jsonrpc.services.GenericEndpoint notify
INFORMACIÓN: Unsupported notification method: $/setTraceNotification
oct 11, 2019 9:25:33 PM org.eclipse.lsp4j.jsonrpc.services.GenericEndpoint notify
INFORMACIÓN: Unsupported notification method: $/setTraceNotification
oct 11, 2019 9:25:36 PM org.eclipse.lsp4j.jsonrpc.services.GenericEndpoint notify
INFORMACIÓN: Unsupported notification method: $/setTraceNotification
INFO  shutting down Metals
INFO  time: initialize in 0.82s
WARN  no build tool detected in workspace 'C:\wamp\www\tano2'. The most common cause for this problem is that the editor was opened in the wrong working directory, for example if you use sbt then the workspace directory should contain build.sbt. 
INFO  time: initialize in 3.19s
WARN  no build tool detected in workspace 'C:\wamp\www\tano2'. The most common cause for this problem is that the editor was opened in the wrong working directory, for example if you use sbt then the workspace directory should contain build.sbt. 
INFO  time: initialize in 3.25s
WARN  no build tool detected in workspace 'C:\wamp\www\tano2'. The most common cause for this problem is that the editor was opened in the wrong working directory, for example if you use sbt then the workspace directory should contain build.sbt. 
INFO  time: initialize in 2.82s
WARN  no build tool detected in workspace 'C:\wamp\www\tano2'. The most common cause for this problem is that the editor was opened in the wrong working directory, for example if you use sbt then the workspace directory should contain build.sbt. 
INFO  time: initialize in 2.79s
WARN  no build tool detected in workspace 'C:\wamp\www\tano2'. The most common cause for this problem is that the editor was opened in the wrong working directory, for example if you use sbt then the workspace directory should contain build.sbt. 
INFO  time: initialize in 3.27s
WARN  no build tool detected in workspace 'C:\wamp\www\tano2'. The most common cause for this problem is that the editor was opened in the wrong working directory, for example if you use sbt then the workspace directory should contain build.sbt. 
INFO  shutting down Metals
INFO  time: initialize in 1.09s
WARN  no build tool detected in workspace 'C:\wamp\www\tano2'. The most common cause for this problem is that the editor was opened in the wrong working directory, for example if you use sbt then the workspace directory should contain build.sbt. 
INFO  shutting down Metals
INFO  time: initialize in 1.19s
WARN  no build tool detected in workspace 'C:\wamp\www\tano2'. The most common cause for this problem is that the editor was opened in the wrong working directory, for example if you use sbt then the workspace directory should contain build.sbt. 
oct 22, 2019 12:38:54 PM org.eclipse.lsp4j.jsonrpc.services.GenericEndpoint notify
INFORMACIÓN: Unsupported notification method: $/setTraceNotification
oct 22, 2019 12:38:55 PM org.eclipse.lsp4j.jsonrpc.services.GenericEndpoint notify
INFORMACIÓN: Unsupported notification method: $/setTraceNotification
oct 22, 2019 12:38:55 PM org.eclipse.lsp4j.jsonrpc.services.GenericEndpoint notify
INFORMACIÓN: Unsupported notification method: $/setTraceNotification
oct 22, 2019 12:38:58 PM org.eclipse.lsp4j.jsonrpc.services.GenericEndpoint notify
INFORMACIÓN: Unsupported notification method: $/setTraceNotification
oct 22, 2019 12:38:58 PM org.eclipse.lsp4j.jsonrpc.services.GenericEndpoint notify
INFORMACIÓN: Unsupported notification method: $/setTraceNotification
oct 22, 2019 12:38:58 PM org.eclipse.lsp4j.jsonrpc.services.GenericEndpoint notify
INFORMACIÓN: Unsupported notification method: $/setTraceNotification
INFO  time: initialize in 0.99s
WARN  no build tool detected in workspace 'C:\wamp\www\tano2'. The most common cause for this problem is that the editor was opened in the wrong working directory, for example if you use sbt then the workspace directory should contain build.sbt. 
INFO  time: initialize in 0.8s
WARN  no build tool detected in workspace 'C:\wamp\www\tano2'. The most common cause for this problem is that the editor was opened in the wrong working directory, for example if you use sbt then the workspace directory should contain build.sbt. 
INFO  time: initialize in 0.94s
WARN  no build tool detected in workspace 'C:\wamp\www\tano2'. The most common cause for this problem is that the editor was opened in the wrong working directory, for example if you use sbt then the workspace directory should contain build.sbt. 
INFO  shutting down Metals
INFO  time: initialize in 0.77s
WARN  no build tool detected in workspace 'C:\wamp\www\tano2'. The most common cause for this problem is that the editor was opened in the wrong working directory, for example if you use sbt then the workspace directory should contain build.sbt. 
INFO  shutting down Metals
INFO  time: initialize in 0.85s
WARN  no build tool detected in workspace 'C:\wamp\www\tano2'. The most common cause for this problem is that the editor was opened in the wrong working directory, for example if you use sbt then the workspace directory should contain build.sbt. 
INFO  time: initialize in 0.82s
WARN  no build tool detected in workspace 'C:\wamp\www\tano2 - copia'. The most common cause for this problem is that the editor was opened in the wrong working directory, for example if you use sbt then the workspace directory should contain build.sbt. 
INFO  shutting down Metals
INFO  time: initialize in 1.37s
WARN  no build tool detected in workspace 'C:\wamp\www\tano2 - copia'. The most common cause for this problem is that the editor was opened in the wrong working directory, for example if you use sbt then the workspace directory should contain build.sbt. 
INFO  shutting down Metals
INFO  time: initialize in 0.82s
WARN  no build tool detected in workspace 'C:\wamp\www\tano2 - copia'. The most common cause for this problem is that the editor was opened in the wrong working directory, for example if you use sbt then the workspace directory should contain build.sbt. 
INFO  shutting down Metals
INFO  time: initialize in 1.02s
WARN  no build tool detected in workspace 'C:\wamp\www\tano2 - copia'. The most common cause for this problem is that the editor was opened in the wrong working directory, for example if you use sbt then the workspace directory should contain build.sbt. 
INFO  shutting down Metals
INFO  time: initialize in 0.73s
WARN  no build tool detected in workspace 'C:\wamp\www\tano2 - copia'. The most common cause for this problem is that the editor was opened in the wrong working directory, for example if you use sbt then the workspace directory should contain build.sbt. 
INFO  shutting down Metals
INFO  time: initialize in 1.27s
WARN  no build tool detected in workspace 'C:\wamp\www\tano2-copia'. The most common cause for this problem is that the editor was opened in the wrong working directory, for example if you use sbt then the workspace directory should contain build.sbt. 
INFO  time: initialize in 0.73s
WARN  no build tool detected in workspace 'E:\www\tano2-copia'. The most common cause for this problem is that the editor was opened in the wrong working directory, for example if you use sbt then the workspace directory should contain build.sbt. 
INFO  shutting down Metals
INFO  time: initialize in 0.88s
WARN  no build tool detected in workspace 'E:\www\tano2-copia'. The most common cause for this problem is that the editor was opened in the wrong working directory, for example if you use sbt then the workspace directory should contain build.sbt. 
INFO  shutting down Metals
INFO  time: initialize in 0.85s
WARN  no build tool detected in workspace 'E:\www\tano2-copia'. The most common cause for this problem is that the editor was opened in the wrong working directory, for example if you use sbt then the workspace directory should contain build.sbt. 
INFO  time: initialize in 0.72s
WARN  no build tool detected in workspace 'E:\www\tano2-copia'. The most common cause for this problem is that the editor was opened in the wrong working directory, for example if you use sbt then the workspace directory should contain build.sbt. 
INFO  shutting down Metals
INFO  time: initialize in 1.33s
WARN  no build tool detected in workspace 'E:\www\tano2-copia'. The most common cause for this problem is that the editor was opened in the wrong working directory, for example if you use sbt then the workspace directory should contain build.sbt. 
INFO  shutting down Metals
INFO  time: initialize in 1.19s
WARN  no build tool detected in workspace 'E:\www\tano2-copia'. The most common cause for this problem is that the editor was opened in the wrong working directory, for example if you use sbt then the workspace directory should contain build.sbt. 
INFO  shutting down Metals
INFO  started: Metals version 0.8.0 in workspace 'E:\www\tano2-copia'
INFO  time: initialize in 0.92s
WARN  resetting database: E:\www\tano2-copia\.metals\metals.h2.db
WARN  no build tool detected in workspace 'E:\www\tano2-copia'. The most common cause for this problem is that the editor was opened in the wrong working directory, for example if you use sbt then the workspace directory should contain build.sbt. 
INFO  shutting down Metals
INFO  started: Metals version 0.8.0 in workspace 'E:\www\tano2-copia'
INFO  time: initialize in 0.94s
WARN  no build tool detected in workspace 'E:\www\tano2-copia'. The most common cause for this problem is that the editor was opened in the wrong working directory, for example if you use sbt then the workspace directory should contain build.sbt. 
INFO  started: Metals version 0.8.0 in workspace 'E:\www\tano2-copia'
INFO  time: initialize in 0.94s
WARN  no build tool detected in workspace 'E:\www\tano2-copia'. The most common cause for this problem is that the editor was opened in the wrong working directory, for example if you use sbt then the workspace directory should contain build.sbt. 
INFO  shutting down Metals
INFO  started: Metals version 0.8.0 in workspace 'E:\www\tano2-copia'
INFO  time: initialize in 0.76s
WARN  no build tool detected in workspace 'E:\www\tano2-copia'. The most common cause for this problem is that the editor was opened in the wrong working directory, for example if you use sbt then the workspace directory should contain build.sbt. 
INFO  shutting down Metals
INFO  started: Metals version 0.8.0 in workspace 'E:\www\tano2-copia'
INFO  time: initialize in 0.8s
WARN  no build tool detected in workspace 'E:\www\tano2-copia'. The most common cause for this problem is that the editor was opened in the wrong working directory, for example if you use sbt then the workspace directory should contain build.sbt. 
INFO  shutting down Metals
INFO  started: Metals version 0.8.0 in workspace 'E:\www\tano2-copia'
INFO  time: initialize in 1.27s
WARN  no build tool detected in workspace 'E:\www\tano2-copia'. The most common cause for this problem is that the editor was opened in the wrong working directory, for example if you use sbt then the workspace directory should contain build.sbt. 
INFO  shutting down Metals
INFO  started: Metals version 0.8.0 in workspace 'E:\www\tano2-copia'
INFO  time: initialize in 1.36s
WARN  no build tool detected in workspace 'E:\www\tano2-copia'. The most common cause for this problem is that the editor was opened in the wrong working directory, for example if you use sbt then the workspace directory should contain build.sbt. 
INFO  shutting down Metals
INFO  started: Metals version 0.8.0 in workspace 'E:\www\tano2-copia'
INFO  time: initialize in 1.14s
WARN  no build tool detected in workspace 'E:\www\tano2-copia'. The most common cause for this problem is that the editor was opened in the wrong working directory, for example if you use sbt then the workspace directory should contain build.sbt. 
ene 22, 2020 12:57:50 PM org.eclipse.lsp4j.jsonrpc.services.GenericEndpoint notify
INFORMACIÓN: Unsupported notification method: $/setTraceNotification
ene 22, 2020 12:57:50 PM org.eclipse.lsp4j.jsonrpc.services.GenericEndpoint notify
INFORMACIÓN: Unsupported notification method: $/setTraceNotification
ene 22, 2020 12:57:50 PM org.eclipse.lsp4j.jsonrpc.services.GenericEndpoint notify
INFORMACIÓN: Unsupported notification method: $/setTraceNotification
ene 22, 2020 12:57:53 PM org.eclipse.lsp4j.jsonrpc.services.GenericEndpoint notify
INFORMACIÓN: Unsupported notification method: $/setTraceNotification
ene 22, 2020 12:57:53 PM org.eclipse.lsp4j.jsonrpc.services.GenericEndpoint notify
INFORMACIÓN: Unsupported notification method: $/setTraceNotification
ene 22, 2020 12:57:53 PM org.eclipse.lsp4j.jsonrpc.services.GenericEndpoint notify
INFORMACIÓN: Unsupported notification method: $/setTraceNotification
INFO  shutting down Metals
INFO  started: Metals version 0.8.0 in workspace 'E:\www\tano2-copia'
INFO  time: initialize in 1.07s
WARN  no build tool detected in workspace 'E:\www\tano2-copia'. The most common cause for this problem is that the editor was opened in the wrong working directory, for example if you use sbt then the workspace directory should contain build.sbt. 
INFO  shutting down Metals
INFO  started: Metals version 0.8.0 in workspace 'E:\www\tano2-copia'
INFO  time: initialize in 1.16s
WARN  no build tool detected in workspace 'E:\www\tano2-copia'. The most common cause for this problem is that the editor was opened in the wrong working directory, for example if you use sbt then the workspace directory should contain build.sbt. 
INFO  started: Metals version 0.8.0 in workspace 'E:\www\tano2-copia'
INFO  time: initialize in 1.05s
WARN  no build tool detected in workspace 'E:\www\tano2-copia'. The most common cause for this problem is that the editor was opened in the wrong working directory, for example if you use sbt then the workspace directory should contain build.sbt. 
INFO  started: Metals version 0.8.0 in workspace 'E:\www\tano2-copia'
INFO  time: initialize in 1.11s
WARN  no build tool detected in workspace 'E:\www\tano2-copia'. The most common cause for this problem is that the editor was opened in the wrong working directory, for example if you use sbt then the workspace directory should contain build.sbt. 
INFO  started: Metals version 0.8.0 in workspace 'E:\www\tano2-copia'
INFO  time: initialize in 0.82s
WARN  no build tool detected in workspace 'E:\www\tano2-copia'. The most common cause for this problem is that the editor was opened in the wrong working directory, for example if you use sbt then the workspace directory should contain build.sbt. 
INFO  started: Metals version 0.8.0 in workspace 'E:\www\tano2-copia'
INFO  time: initialize in 0.78s
WARN  no build tool detected in workspace 'E:\www\tano2-copia'. The most common cause for this problem is that the editor was opened in the wrong working directory, for example if you use sbt then the workspace directory should contain build.sbt. 
INFO  shutting down Metals
INFO  started: Metals version 0.8.0 in workspace 'E:\www\tano2-copia'
INFO  time: initialize in 0.83s
WARN  no build tool detected in workspace 'E:\www\tano2-copia'. The most common cause for this problem is that the editor was opened in the wrong working directory, for example if you use sbt then the workspace directory should contain build.sbt. 
INFO  started: Metals version 0.8.0 in workspace 'E:\www\tano2-copia'
INFO  time: initialize in 1.03s
WARN  no build tool detected in workspace 'E:\www\tano2-copia'. The most common cause for this problem is that the editor was opened in the wrong working directory, for example if you use sbt then the workspace directory should contain build.sbt. 
INFO  shutting down Metals
INFO  started: Metals version 0.8.0 in workspace 'E:\www\tano2-copia'
INFO  time: initialize in 0.96s
WARN  no build tool detected in workspace 'E:\www\tano2-copia'. The most common cause for this problem is that the editor was opened in the wrong working directory, for example if you use sbt then the workspace directory should contain build.sbt. 
INFO  started: Metals version 0.8.0 in workspace 'E:\www\tano2-copia'
INFO  time: initialize in 0.81s
WARN  no build tool detected in workspace 'E:\www\tano2-copia'. The most common cause for this problem is that the editor was opened in the wrong working directory, for example if you use sbt then the workspace directory should contain build.sbt. 
INFO  shutting down Metals
INFO  started: Metals version 0.8.0 in workspace 'E:\www\tano2-copia'
INFO  time: initialize in 1.3s
WARN  no build tool detected in workspace 'E:\www\tano2-copia'. The most common cause for this problem is that the editor was opened in the wrong working directory, for example if you use sbt then the workspace directory should contain build.sbt. 
INFO  shutting down Metals
